Determining if the include file dirent.h exists failed with the following output:
Change Dir: N:/Development/Dev_Base/pcre-8.45/msvc/CMakeFiles/CMakeTmp

Run Build Command(s):C:/Program Files (x86)/Microsoft Visual Studio/2019/Enterprise/MSBuild/Current/Bin/MSBuild.exe cmTC_92955.vcxproj /p:Configuration=Debug /p:Platform=x64 /p:VisualStudioVersion=16.0 /v:m && Microsoft (R) Build Engine version 16.11.2+f32259642 for .NET Framework
Copyright (C) Microsoft Corporation. All rights reserved.

  Microsoft (R) C/C++ Optimizing Compiler Version 19.29.30138 for x64
  Copyright (C) Microsoft Corporation.  All rights reserved.
  CheckIncludeFile.c
  cl /c /I"C:\Program Files (x86)\Visual Leak Detector\include" /Zi /W3 /WX- /diagnostics:column /Od /Ob0 /D WIN32 /D _WINDOWS /D "CMAKE_INTDIR=\"Debug\"" /D _MBCS /Gm- /RTC1 /MDd /GS /fp:precise /Zc:wchar_t /Zc:forScope /Zc:inline /Fo"cmTC_92955.dir\Debug\\" /Fd"cmTC_92955.dir\Debug\vc142.pdb" /external:W3 /Gd /TC /errorReport:queue "N:\Development\Dev_Base\pcre-8.45\msvc\CMakeFiles\CMakeTmp\CheckIncludeFile.c"
N:\Development\Dev_Base\pcre-8.45\msvc\CMakeFiles\CMakeTmp\CheckIncludeFile.c(1,10): fatal error C1083: Cannot open include file: 'dirent.h': No such file or directory [N:\Development\Dev_Base\pcre-8.45\msvc\CMakeFiles\CMakeTmp\cmTC_92955.vcxproj]



Determining if the include file unistd.h exists failed with the following output:
Change Dir: N:/Development/Dev_Base/pcre-8.45/msvc/CMakeFiles/CMakeTmp

Run Build Command(s):C:/Program Files (x86)/Microsoft Visual Studio/2019/Enterprise/MSBuild/Current/Bin/MSBuild.exe cmTC_6e89b.vcxproj /p:Configuration=Debug /p:Platform=x64 /p:VisualStudioVersion=16.0 /v:m && Microsoft (R) Build Engine version 16.11.2+f32259642 for .NET Framework
Copyright (C) Microsoft Corporation. All rights reserved.

  Microsoft (R) C/C++ Optimizing Compiler Version 19.29.30138 for x64
  Copyright (C) Microsoft Corporation.  All rights reserved.
  CheckIncludeFile.c
  cl /c /I"C:\Program Files (x86)\Visual Leak Detector\include" /Zi /W3 /WX- /diagnostics:column /Od /Ob0 /D WIN32 /D _WINDOWS /D "CMAKE_INTDIR=\"Debug\"" /D _MBCS /Gm- /RTC1 /MDd /GS /fp:precise /Zc:wchar_t /Zc:forScope /Zc:inline /Fo"cmTC_6e89b.dir\Debug\\" /Fd"cmTC_6e89b.dir\Debug\vc142.pdb" /external:W3 /Gd /TC /errorReport:queue "N:\Development\Dev_Base\pcre-8.45\msvc\CMakeFiles\CMakeTmp\CheckIncludeFile.c"
N:\Development\Dev_Base\pcre-8.45\msvc\CMakeFiles\CMakeTmp\CheckIncludeFile.c(1,10): fatal error C1083: Cannot open include file: 'unistd.h': No such file or directory [N:\Development\Dev_Base\pcre-8.45\msvc\CMakeFiles\CMakeTmp\cmTC_6e89b.vcxproj]



Determining if the include file type_traits.h exists failed with the following output:
Change Dir: N:/Development/Dev_Base/pcre-8.45/msvc/CMakeFiles/CMakeTmp

Run Build Command(s):C:/Program Files (x86)/Microsoft Visual Studio/2019/Enterprise/MSBuild/Current/Bin/MSBuild.exe cmTC_16f46.vcxproj /p:Configuration=Debug /p:Platform=x64 /p:VisualStudioVersion=16.0 /v:m && Microsoft (R) Build Engine version 16.11.2+f32259642 for .NET Framework
Copyright (C) Microsoft Corporation. All rights reserved.

  Microsoft (R) C/C++ Optimizing Compiler Version 19.29.30138 for x64
  Copyright (C) Microsoft Corporation.  All rights reserved.
  CheckIncludeFile.cxx
  cl /c /I"C:\Program Files (x86)\Visual Leak Detector\include" /Zi /W3 /WX- /diagnostics:column /Od /Ob0 /D WIN32 /D _WINDOWS /D "CMAKE_INTDIR=\"Debug\"" /D _MBCS /Gm- /EHsc /RTC1 /MDd /GS /fp:precise /Zc:wchar_t /Zc:forScope /Zc:inline /GR /Fo"cmTC_16f46.dir\Debug\\" /Fd"cmTC_16f46.dir\Debug\vc142.pdb" /external:W3 /Gd /TP /errorReport:queue "N:\Development\Dev_Base\pcre-8.45\msvc\CMakeFiles\CMakeTmp\CheckIncludeFile.cxx"
N:\Development\Dev_Base\pcre-8.45\msvc\CMakeFiles\CMakeTmp\CheckIncludeFile.cxx(1,10): fatal error C1083: Cannot open include file: 'type_traits.h': No such file or directory [N:\Development\Dev_Base\pcre-8.45\msvc\CMakeFiles\CMakeTmp\cmTC_16f46.vcxproj]



Determining if the include file bits/type_traits.h exists failed with the following output:
Change Dir: N:/Development/Dev_Base/pcre-8.45/msvc/CMakeFiles/CMakeTmp

Run Build Command(s):C:/Program Files (x86)/Microsoft Visual Studio/2019/Enterprise/MSBuild/Current/Bin/MSBuild.exe cmTC_4cae8.vcxproj /p:Configuration=Debug /p:Platform=x64 /p:VisualStudioVersion=16.0 /v:m && Microsoft (R) Build Engine version 16.11.2+f32259642 for .NET Framework
Copyright (C) Microsoft Corporation. All rights reserved.

  Microsoft (R) C/C++ Optimizing Compiler Version 19.29.30138 for x64
  Copyright (C) Microsoft Corporation.  All rights reserved.
  CheckIncludeFile.cxx
  cl /c /I"C:\Program Files (x86)\Visual Leak Detector\include" /Zi /W3 /WX- /diagnostics:column /Od /Ob0 /D WIN32 /D _WINDOWS /D "CMAKE_INTDIR=\"Debug\"" /D _MBCS /Gm- /EHsc /RTC1 /MDd /GS /fp:precise /Zc:wchar_t /Zc:forScope /Zc:inline /GR /Fo"cmTC_4cae8.dir\Debug\\" /Fd"cmTC_4cae8.dir\Debug\vc142.pdb" /external:W3 /Gd /TP /errorReport:queue "N:\Development\Dev_Base\pcre-8.45\msvc\CMakeFiles\CMakeTmp\CheckIncludeFile.cxx"
N:\Development\Dev_Base\pcre-8.45\msvc\CMakeFiles\CMakeTmp\CheckIncludeFile.cxx(1,10): fatal error C1083: Cannot open include file: 'bits/type_traits.h': No such file or directory [N:\Development\Dev_Base\pcre-8.45\msvc\CMakeFiles\CMakeTmp\cmTC_4cae8.vcxproj]



Determining if the function bcopy exists failed with the following output:
Change Dir: N:/Development/Dev_Base/pcre-8.45/msvc/CMakeFiles/CMakeTmp

Run Build Command(s):C:/Program Files (x86)/Microsoft Visual Studio/2019/Enterprise/MSBuild/Current/Bin/MSBuild.exe cmTC_69d67.vcxproj /p:Configuration=Debug /p:Platform=x64 /p:VisualStudioVersion=16.0 /v:m && Microsoft (R) Build Engine version 16.11.2+f32259642 for .NET Framework
Copyright (C) Microsoft Corporation. All rights reserved.

  Microsoft (R) C/C++ Optimizing Compiler Version 19.29.30138 for x64
  Copyright (C) Microsoft Corporation.  All rights reserved.
  CheckFunctionExists.c
  cl /c /I"C:\Program Files (x86)\Visual Leak Detector\include" /Zi /W3 /WX- /diagnostics:column /Od /Ob0 /D WIN32 /D _WINDOWS /D CHECK_FUNCTION_EXISTS=bcopy /D "CMAKE_INTDIR=\"Debug\"" /D _MBCS /Gm- /RTC1 /MDd /GS /fp:precise /Zc:wchar_t /Zc:forScope /Zc:inline /Fo"cmTC_69d67.dir\Debug\\" /Fd"cmTC_69d67.dir\Debug\vc142.pdb" /external:W3 /Gd /TC /errorReport:queue "C:\Program Files\CMake\share\cmake-3.20\Modules\CheckFunctionExists.c"
CheckFunctionExists.obj : error LNK2019: unresolved external symbol bcopy referenced in function main [N:\Development\Dev_Base\pcre-8.45\msvc\CMakeFiles\CMakeTmp\cmTC_69d67.vcxproj]
N:\Development\Dev_Base\pcre-8.45\msvc\CMakeFiles\CMakeTmp\Debug\cmTC_69d67.exe : fatal error LNK1120: 1 unresolved externals [N:\Development\Dev_Base\pcre-8.45\msvc\CMakeFiles\CMakeTmp\cmTC_69d67.vcxproj]



Determining if the function strtoq exists failed with the following output:
Change Dir: N:/Development/Dev_Base/pcre-8.45/msvc/CMakeFiles/CMakeTmp

Run Build Command(s):C:/Program Files (x86)/Microsoft Visual Studio/2019/Enterprise/MSBuild/Current/Bin/MSBuild.exe cmTC_ddd93.vcxproj /p:Configuration=Debug /p:Platform=x64 /p:VisualStudioVersion=16.0 /v:m && Microsoft (R) Build Engine version 16.11.2+f32259642 for .NET Framework
Copyright (C) Microsoft Corporation. All rights reserved.

  Microsoft (R) C/C++ Optimizing Compiler Version 19.29.30138 for x64
  Copyright (C) Microsoft Corporation.  All rights reserved.
  CheckFunctionExists.c
  cl /c /I"C:\Program Files (x86)\Visual Leak Detector\include" /Zi /W3 /WX- /diagnostics:column /Od /Ob0 /D WIN32 /D _WINDOWS /D CHECK_FUNCTION_EXISTS=strtoq /D "CMAKE_INTDIR=\"Debug\"" /D _MBCS /Gm- /RTC1 /MDd /GS /fp:precise /Zc:wchar_t /Zc:forScope /Zc:inline /Fo"cmTC_ddd93.dir\Debug\\" /Fd"cmTC_ddd93.dir\Debug\vc142.pdb" /external:W3 /Gd /TC /errorReport:queue "C:\Program Files\CMake\share\cmake-3.20\Modules\CheckFunctionExists.c"
CheckFunctionExists.obj : error LNK2019: unresolved external symbol strtoq referenced in function main [N:\Development\Dev_Base\pcre-8.45\msvc\CMakeFiles\CMakeTmp\cmTC_ddd93.vcxproj]
N:\Development\Dev_Base\pcre-8.45\msvc\CMakeFiles\CMakeTmp\Debug\cmTC_ddd93.exe : fatal error LNK1120: 1 unresolved externals [N:\Development\Dev_Base\pcre-8.45\msvc\CMakeFiles\CMakeTmp\cmTC_ddd93.vcxproj]



